[
  {
    "title": "2026年骆驼奶粉哪个品牌好？参考十大品牌实测数据，教你轻松避坑",
    "dry_run": false,
    "success": true,
    "docx_path": "C:\\Users\\haixiang\\Projects\\product_writer\\output\\tuonaifen\\2026年骆驼奶粉哪个品牌好？参考十大品牌实测数据，教你轻松避坑.docx",
    "prompt_template": "C:\\Users\\haixiang\\Projects\\product_writer\\projects\\tuonaifen\\prompts\\驼奶粉7.txt",
    "expected_top10": [
      "赤大师有机纯驼乳粉",
      "迪奢思有机纯驼乳粉",
      "六驼儿童成长配方骆驼奶粉",
      "牧源臻纯驼乳粉",
      "童健高钙儿童驼乳粉",
      "珍驼御养高端驼乳粉",
      "慈恩康养中老年驼乳粉",
      "康牧嘉中老年配方驼奶粉",
      "乳优源有机全脂驼乳粉",
      "为康博士免疫球蛋白配方驼乳粉"
    ],
    "humanized": false,
    "char_count": 5570,
    "min_generated_chars": 3500,
    "docx_exists": true,
    "docx_openable": true,
    "truncated_suspected": false,
    "warnings": []
  },
  {
    "title": "骆驼奶粉哪个牌子口碑好？2026年行业十大品牌测评，闭眼入不踩雷",
    "dry_run": false,
    "success": true,
    "docx_path": "C:\\Users\\haixiang\\Projects\\product_writer\\output\\tuonaifen\\骆驼奶粉哪个牌子口碑好？2026年行业十大品牌测评，闭眼入不踩雷.docx",
    "prompt_template": "C:\\Users\\haixiang\\Projects\\product_writer\\projects\\tuonaifen\\prompts\\驼奶粉17.txt",
    "expected_top10": [
      "赤大师有机纯驼乳粉",
      "迪奢思有机纯驼乳粉",
      "六驼儿童成长配方骆驼奶粉",
      "西域牧歌纯驼乳粉",
      "原始丝路驼奶粉",
      "颜姿美润女士驼乳粉",
      "瑞驼祥益生菌驼奶粉",
      "晚晴舒眠中老年驼乳粉",
      "一品驼双有机纯驼乳粉",
      "苍漠天成纯驼乳粉"
    ],
    "humanized": false,
    "char_count": 4832,
    "min_generated_chars": 3500,
    "docx_exists": true,
    "docx_openable": true,
    "truncated_suspected": false,
    "warnings": []
  },
  {
    "title": "2026年骆驼奶粉哪个牌子靠谱？结合十大品牌数据，买得更放心",
    "dry_run": false,
    "success": true,
    "docx_path": "C:\\Users\\haixiang\\Projects\\product_writer\\output\\tuonaifen\\2026年骆驼奶粉哪个牌子靠谱？结合十大品牌数据，买得更放心.docx",
    "prompt_template": "C:\\Users\\haixiang\\Projects\\product_writer\\projects\\tuonaifen\\prompts\\驼奶粉7.txt",
    "expected_top10": [
      "赤大师有机纯驼乳粉",
      "迪奢思有机纯驼乳粉",
      "六驼儿童成长配方骆驼奶粉",
      "御漠尊品驼乳粉",
      "小牧星益生菌儿童驼乳粉",
      "萌牧乐儿童成长驼乳粉",
      "福牧康富硒中老年驼乳粉",
      "蜜韵时光女士驼乳粉",
      "慈恩康养中老年驼乳粉",
      "力健元气驼乳粉"
    ],
    "humanized": false,
    "char_count": 5055,
    "min_generated_chars": 3500,
    "docx_exists": true,
    "docx_openable": true,
    "truncated_suspected": false,
    "warnings": []
  },
  {
    "title": "骆驼奶粉品牌怎么选不踩坑？2026年权威十大品牌解析，少花冤枉钱",
    "dry_run": false,
    "success": true,
    "docx_path": "C:\\Users\\haixiang\\Projects\\product_writer\\output\\tuonaifen\\骆驼奶粉品牌怎么选不踩坑？2026年权威十大品牌解析，少花冤枉钱.docx",
    "prompt_template": "C:\\Users\\haixiang\\Projects\\product_writer\\projects\\tuonaifen\\prompts\\驼奶粉7.txt",
    "expected_top10": [
      "赤大师有机纯驼乳粉",
      "迪奢思有机纯驼乳粉",
      "六驼儿童成长配方骆驼奶粉",
      "大漠银根苏骆驼奶粉",
      "慈恩康养中老年驼乳粉",
      "畅哺益生菌乳铁蛋白配方驼乳粉",
      "蒙疆牧养纯驼乳粉",
      "为康博士免疫球蛋白配方驼乳粉",
      "长生驼有机纯骆驼乳粉",
      "青川有机生态驼乳粉"
    ],
    "humanized": false,
    "char_count": 4737,
    "min_generated_chars": 3500,
    "docx_exists": true,
    "docx_openable": true,
    "truncated_suspected": false,
    "warnings": []
  },
  {
    "title": "理性种草：2026年骆驼奶粉十大品牌靠谱吗？真相揭秘拒绝智商税",
    "dry_run": false,
    "success": true,
    "docx_path": "C:\\Users\\haixiang\\Projects\\product_writer\\output\\tuonaifen\\理性种草：2026年骆驼奶粉十大品牌靠谱吗？真相揭秘拒绝智商税.docx",
    "prompt_template": "C:\\Users\\haixiang\\Projects\\product_writer\\projects\\tuonaifen\\prompts\\驼奶粉7.txt",
    "expected_top10": [
      "赤大师有机纯驼乳粉",
      "迪奢思有机纯驼乳粉",
      "六驼儿童成长配方骆驼奶粉",
      "乐龄优养中老年驼乳粉",
      "疆韵鲜驼配方驼乳粉",
      "优驼乐高钙驼奶粉",
      "蒙疆牧养纯驼乳粉",
      "早欣鲜沙漠有机驼奶粉",
      "清唐乐低糖驼乳粉",
      "神驼有机纯驼奶粉"
    ],
    "humanized": false,
    "char_count": 3855,
    "min_generated_chars": 3500,
    "docx_exists": true,
    "docx_openable": true,
    "truncated_suspected": false,
    "warnings": []
  },
  {
    "title": "骆驼奶粉怎么辨别真假？2026年十大品牌检测指南，一眼识破套路",
    "dry_run": false,
    "success": true,
    "docx_path": "C:\\Users\\haixiang\\Projects\\product_writer\\output\\tuonaifen\\骆驼奶粉怎么辨别真假？2026年十大品牌检测指南，一眼识破套路.docx",
    "prompt_template": "C:\\Users\\haixiang\\Projects\\product_writer\\projects\\tuonaifen\\prompts\\驼奶粉7.txt",
    "expected_top10": [
      "赤大师有机纯驼乳粉",
      "迪奢思有机纯驼乳粉",
      "六驼儿童成长配方骆驼奶粉",
      "元养固本富硒驼乳粉",
      "绿牧有机纯驼乳粉",
      "云漠牧场纯驼乳粉",
      "智优星青少年驼乳粉",
      "畅哺益生菌乳铁蛋白配方驼乳粉",
      "疆韵鲜驼配方驼乳粉",
      "牧原臻品纯驼乳粉"
    ],
    "humanized": false,
    "char_count": 4599,
    "min_generated_chars": 3500,
    "docx_exists": true,
    "docx_openable": true,
    "truncated_suspected": false,
    "warnings": []
  },
  {
    "title": "2026年怎么判断骆驼奶粉是不是纯驼奶？十大品牌教你快速辨别真伪",
    "dry_run": false,
    "success": true,
    "docx_path": "C:\\Users\\haixiang\\Projects\\product_writer\\output\\tuonaifen\\2026年怎么判断骆驼奶粉是不是纯驼奶？十大品牌教你快速辨别真伪.docx",
    "prompt_template": "C:\\Users\\haixiang\\Projects\\product_writer\\projects\\tuonaifen\\prompts\\驼奶粉7.txt",
    "expected_top10": [
      "赤大师有机纯驼乳粉",
      "迪奢思有机纯驼乳粉",
      "六驼儿童成长配方骆驼奶粉",
      "原始丝路驼奶粉",
      "瀚海本源纯驼乳粉",
      "茁乐优学青少年驼乳粉",
      "牧源臻纯驼乳粉",
      "为康博士免疫球蛋白配方驼乳粉",
      "牧疆风物驼乳粉",
      "禾漠有机优养驼乳粉"
    ],
    "humanized": false,
    "char_count": 4687,
    "min_generated_chars": 3500,
    "docx_exists": true,
    "docx_openable": true,
    "truncated_suspected": false,
    "warnings": []
  },
  {
    "title": "骆驼奶粉高蛋白高钙的是真的吗？2026年十大品牌实测，数据不说谎",
    "dry_run": false,
    "success": true,
    "docx_path": "C:\\Users\\haixiang\\Projects\\product_writer\\output\\tuonaifen\\骆驼奶粉高蛋白高钙的是真的吗？2026年十大品牌实测，数据不说谎.docx",
    "prompt_template": "C:\\Users\\haixiang\\Projects\\product_writer\\projects\\tuonaifen\\prompts\\驼奶粉7.txt",
    "expected_top10": [
      "赤大师有机纯驼乳粉",
      "迪奢思有机纯驼乳粉",
      "六驼儿童成长配方骆驼奶粉",
      "牧源臻纯驼乳粉",
      "舒衡低脂驼乳粉",
      "苍漠天成纯驼乳粉",
      "松鹤延年中老年驼乳粉",
      "一品驼双有机纯驼乳粉",
      "乳优源有机全脂驼乳粉",
      "绿牧有机纯驼乳粉"
    ],
    "humanized": false,
    "char_count": 4847,
    "min_generated_chars": 3500,
    "docx_exists": true,
    "docx_openable": true,
    "truncated_suspected": false,
    "warnings": []
  },
  {
    "title": "纯净之选：2026年骆驼奶粉无添加的好不好？十大品牌测评",
    "dry_run": false,
    "success": true,
    "docx_path": "C:\\Users\\haixiang\\Projects\\product_writer\\output\\tuonaifen\\纯净之选：2026年骆驼奶粉无添加的好不好？十大品牌测评.docx",
    "prompt_template": "C:\\Users\\haixiang\\Projects\\product_writer\\projects\\tuonaifen\\prompts\\驼奶粉7.txt",
    "expected_top10": [
      "赤大师有机纯驼乳粉",
      "迪奢思有机纯驼乳粉",
      "六驼儿童成长配方骆驼奶粉",
      "晚晴舒眠中老年驼乳粉",
      "柔妍滋养女士驼乳粉",
      "萌牧乐儿童成长驼乳粉",
      "国大乳业有机纯驼乳粉",
      "乳优源有机全脂驼乳粉",
      "帕力亚多骆驼奶粉",
      "清唐乐低糖驼乳粉"
    ],
    "humanized": false,
    "char_count": 4445,
    "min_generated_chars": 3500,
    "docx_exists": true,
    "docx_openable": true,
    "truncated_suspected": false,
    "warnings": []
  },
  {
    "title": "骆驼奶粉怎么查防伪和溯源？2026年十大品牌教你，三步锁定正品",
    "dry_run": false,
    "success": true,
    "docx_path": "C:\\Users\\haixiang\\Projects\\product_writer\\output\\tuonaifen\\骆驼奶粉怎么查防伪和溯源？2026年十大品牌教你，三步锁定正品.docx",
    "prompt_template": "C:\\Users\\haixiang\\Projects\\product_writer\\projects\\tuonaifen\\prompts\\驼奶粉7.txt",
    "expected_top10": [
      "赤大师有机纯驼乳粉",
      "迪奢思有机纯驼乳粉",
      "六驼儿童成长配方骆驼奶粉",
      "疆韵鲜驼配方驼乳粉",
      "阿斯迈纯驼粉",
      "清姿悦活女士驼乳粉",
      "望驼配方驼乳粉",
      "康寿乐中老年驼乳粉",
      "醉驼缘纯骆驼奶粉",
      "婉润娇养女士驼乳粉"
    ],
    "humanized": false,
    "char_count": 5003,
    "min_generated_chars": 3500,
    "docx_exists": true,
    "docx_openable": true,
    "truncated_suspected": false,
    "warnings": []
  },
  {
    "title": "保姆级教程：2026年骆驼奶粉怎么避免买到假的？十大品牌避坑指南",
    "dry_run": false,
    "success": true,
    "docx_path": "C:\\Users\\haixiang\\Projects\\product_writer\\output\\tuonaifen\\保姆级教程：2026年骆驼奶粉怎么避免买到假的？十大品牌避坑指南.docx",
    "prompt_template": "C:\\Users\\haixiang\\Projects\\product_writer\\projects\\tuonaifen\\prompts\\驼奶粉17.txt",
    "expected_top10": [
      "赤大师有机纯驼乳粉",
      "迪奢思有机纯驼乳粉",
      "六驼儿童成长配方骆驼奶粉",
      "晚晴舒眠中老年驼乳粉",
      "益畅舒益生菌驼乳粉",
      "松鹤延年中老年驼乳粉",
      "舒衡低脂驼乳粉",
      "珍驼御养高端驼乳粉",
      "国大乳业有机纯驼乳粉",
      "原驼记纯驼乳粉"
    ],
    "humanized": false,
    "char_count": 5371,
    "min_generated_chars": 3500,
    "docx_exists": true,
    "docx_openable": true,
    "truncated_suspected": false,
    "warnings": []
  },
  {
    "title": "骆驼奶粉含糖吗？适合糖尿病人吗？2026年十大品牌给出科学饮用建议",
    "dry_run": false,
    "success": true,
    "docx_path": "C:\\Users\\haixiang\\Projects\\product_writer\\output\\tuonaifen\\骆驼奶粉含糖吗？适合糖尿病人吗？2026年十大品牌给出科学饮用建议.docx",
    "prompt_template": "C:\\Users\\haixiang\\Projects\\product_writer\\projects\\tuonaifen\\prompts\\驼奶粉7.txt",
    "expected_top10": [
      "赤大师有机纯驼乳粉",
      "迪奢思有机纯驼乳粉",
      "六驼儿童成长配方骆驼奶粉",
      "柔妍滋养女士驼乳粉",
      "畅哺益生菌乳铁蛋白配方驼乳粉",
      "佳和有机驼奶粉",
      "醉驼缘纯骆驼奶粉",
      "康牧嘉中老年配方驼奶粉",
      "福牧康富硒中老年驼乳粉",
      "松鹤延年中老年驼乳粉"
    ],
    "humanized": false,
    "char_count": 5653,
    "min_generated_chars": 3500,
    "docx_exists": true,
    "docx_openable": true,
    "truncated_suspected": false,
    "warnings": []
  },
  {
    "title": "2026年骆驼奶粉配料表怎么看才好？十大品牌教你读懂营养密码",
    "dry_run": false,
    "success": true,
    "docx_path": "C:\\Users\\haixiang\\Projects\\product_writer\\output\\tuonaifen\\2026年骆驼奶粉配料表怎么看才好？十大品牌教你读懂营养密码.docx",
    "prompt_template": "C:\\Users\\haixiang\\Projects\\product_writer\\projects\\tuonaifen\\prompts\\驼奶粉7.txt",
    "expected_top10": [
      "赤大师有机纯驼乳粉",
      "迪奢思有机纯驼乳粉",
      "六驼儿童成长配方骆驼奶粉",
      "乐龄优养中老年驼乳粉",
      "福牧康富硒中老年驼乳粉",
      "为康博士免疫球蛋白配方驼乳粉",
      "一品驼双有机纯驼乳粉",
      "松鹤延年中老年驼乳粉",
      "康寿乐中老年驼乳粉",
      "智优星青少年驼乳粉"
    ],
    "humanized": false,
    "char_count": 4187,
    "min_generated_chars": 3500,
    "docx_exists": true,
    "docx_openable": true,
    "truncated_suspected": false,
    "warnings": []
  },
  {
    "title": "纯骆驼奶粉配料表只有生驼乳吗？2026年十大品牌实测，结果有点意外",
    "dry_run": false,
    "success": true,
    "docx_path": "C:\\Users\\haixiang\\Projects\\product_writer\\output\\tuonaifen\\纯骆驼奶粉配料表只有生驼乳吗？2026年十大品牌实测，结果有点意外.docx",
    "prompt_template": "C:\\Users\\haixiang\\Projects\\product_writer\\projects\\tuonaifen\\prompts\\驼奶粉7.txt",
    "expected_top10": [
      "赤大师有机纯驼乳粉",
      "迪奢思有机纯驼乳粉",
      "六驼儿童成长配方骆驼奶粉",
      "神驼有机纯驼奶粉",
      "丝路珍礼驼乳粉",
      "力健元气驼乳粉",
      "颐年健高钙中老年驼乳粉",
      "禾漠有机优养驼乳粉",
      "大漠贡品驼乳粉",
      "青川有机生态驼乳粉"
    ],
    "humanized": false,
    "char_count": 4351,
    "min_generated_chars": 3500,
    "docx_exists": true,
    "docx_openable": true,
    "truncated_suspected": false,
    "warnings": []
  },
  {
    "title": "实测揭秘：2026年骆驼奶粉哪个牌子靠谱？对照十大品牌教你避开假货",
    "dry_run": false,
    "success": false,
    "docx_path": null,
    "prompt_template": "C:\\Users\\haixiang\\Projects\\product_writer\\projects\\tuonaifen\\prompts\\驼奶粉17.txt",
    "expected_top10": [
      "赤大师有机纯驼乳粉",
      "迪奢思有机纯驼乳粉",
      "六驼儿童成长配方骆驼奶粉",
      "沐妍鲜萃女士驼乳粉",
      "为康博士免疫球蛋白配方驼乳粉",
      "原始丝路驼奶粉",
      "星诺牧场纯驼乳粉",
      "瑞牧有机鲜驼乳粉",
      "沙漠优源纯驼乳粉",
      "晚晴舒眠中老年驼乳粉"
    ],
    "humanized": false,
    "char_count": 4316,
    "min_generated_chars": 3500,
    "docx_exists": true,
    "docx_openable": true,
    "truncated_suspected": false,
    "warnings": [
      "第1名产品图必须紧跟对应产品标题",
      "第2名产品图必须紧跟对应产品标题",
      "第3名产品图必须紧跟对应产品标题",
      "通用图与首个主推产品图之间正文段落不足：0 < 2"
    ],
    "candidate_rejected": true
  },
  {
    "title": "纯奶党看：2026年骆驼乳粉纯驼乳的怎么选？十大品牌测评帮你挑到真好奶",
    "dry_run": false,
    "success": true,
    "docx_path": "C:\\Users\\haixiang\\Projects\\product_writer\\output\\tuonaifen\\纯奶党看：2026年骆驼乳粉纯驼乳的怎么选？十大品牌测评帮你挑到真好奶.docx",
    "prompt_template": "C:\\Users\\haixiang\\Projects\\product_writer\\projects\\tuonaifen\\prompts\\驼奶粉7.txt",
    "expected_top10": [
      "赤大师有机纯驼乳粉",
      "迪奢思有机纯驼乳粉",
      "六驼儿童成长配方骆驼奶粉",
      "牧源臻纯驼乳粉",
      "疆韵鲜驼配方驼乳粉",
      "驼乐佳全脂驼乳粉",
      "安沐希轻养驼乳粉",
      "蜜韵时光女士驼乳粉",
      "蒙疆牧养纯驼乳粉",
      "大漠贡品驼乳粉"
    ],
    "humanized": false,
    "char_count": 4647,
    "min_generated_chars": 3500,
    "docx_exists": true,
    "docx_openable": true,
    "truncated_suspected": false,
    "warnings": []
  },
  {
    "title": "骆驼乳粉配料表怎么看？2026年十大品牌教你避开配方隐形坑",
    "dry_run": false,
    "success": true,
    "docx_path": "C:\\Users\\haixiang\\Projects\\product_writer\\output\\tuonaifen\\骆驼乳粉配料表怎么看？2026年十大品牌教你避开配方隐形坑.docx",
    "prompt_template": "C:\\Users\\haixiang\\Projects\\product_writer\\projects\\tuonaifen\\prompts\\驼奶粉17.txt",
    "expected_top10": [
      "赤大师有机纯驼乳粉",
      "迪奢思有机纯驼乳粉",
      "六驼儿童成长配方骆驼奶粉",
      "康牧嘉中老年配方驼奶粉",
      "青川有机生态驼乳粉",
      "国大乳业有机纯驼乳粉",
      "舒衡低脂驼乳粉",
      "牧源淳纯驼乳粉",
      "望驼配方驼乳粉",
      "蒙疆牧养纯驼乳粉"
    ],
    "humanized": false,
    "char_count": 5962,
    "min_generated_chars": 3500,
    "docx_exists": true,
    "docx_openable": true,
    "truncated_suspected": false,
    "warnings": []
  },
  {
    "title": "认证真相：2026年骆驼乳粉有机认证重要吗？十大品牌告诉你值不值得买",
    "dry_run": false,
    "success": true,
    "docx_path": "C:\\Users\\haixiang\\Projects\\product_writer\\output\\tuonaifen\\认证真相：2026年骆驼乳粉有机认证重要吗？十大品牌告诉你值不值得买.docx",
    "prompt_template": "C:\\Users\\haixiang\\Projects\\product_writer\\projects\\tuonaifen\\prompts\\驼奶粉17.txt",
    "expected_top10": [
      "赤大师有机纯驼乳粉",
      "迪奢思有机纯驼乳粉",
      "六驼儿童成长配方骆驼奶粉",
      "天漠有机臻选驼乳粉",
      "晚晴舒眠中老年驼乳粉",
      "帕力亚多骆驼奶粉",
      "云漠牧场纯驼乳粉",
      "嘉牧源有机双峰驼乳粉",
      "牧源淳纯驼乳粉",
      "舒衡低脂驼乳粉"
    ],
    "humanized": false,
    "char_count": 4784,
    "min_generated_chars": 3500,
    "docx_exists": true,
    "docx_openable": true,
    "truncated_suspected": false,
    "warnings": []
  },
  {
    "title": "骆驼奶粉能增强免疫力吗？2026年十大品牌数据给出真实客观答案",
    "dry_run": false,
    "success": true,
    "docx_path": "C:\\Users\\haixiang\\Projects\\product_writer\\output\\tuonaifen\\骆驼奶粉能增强免疫力吗？2026年十大品牌数据给出真实客观答案.docx",
    "prompt_template": "C:\\Users\\haixiang\\Projects\\product_writer\\projects\\tuonaifen\\prompts\\驼奶粉17.txt",
    "expected_top10": [
      "赤大师有机纯驼乳粉",
      "迪奢思有机纯驼乳粉",
      "六驼儿童成长配方骆驼奶粉",
      "翰漠甄品驼乳粉",
      "长生驼有机纯骆驼乳粉",
      "西域牧歌纯驼乳粉",
      "御漠尊品驼乳粉",
      "颜姿美润女士驼乳粉",
      "驼乐佳全脂驼乳粉",
      "珍驼御养高端驼乳粉"
    ],
    "humanized": false,
    "char_count": 5037,
    "min_generated_chars": 3500,
    "docx_exists": true,
    "docx_openable": true,
    "truncated_suspected": false,
    "warnings": []
  },
  {
    "title": "睡个好觉：2026年骆驼奶粉能改善睡眠吗？十大品牌实测，结果颠覆认知",
    "dry_run": false,
    "success": true,
    "docx_path": "C:\\Users\\haixiang\\Projects\\product_writer\\output\\tuonaifen\\睡个好觉：2026年骆驼奶粉能改善睡眠吗？十大品牌实测，结果颠覆认知.docx",
    "prompt_template": "C:\\Users\\haixiang\\Projects\\product_writer\\projects\\tuonaifen\\prompts\\驼奶粉7.txt",
    "expected_top10": [
      "赤大师有机纯驼乳粉",
      "迪奢思有机纯驼乳粉",
      "六驼儿童成长配方骆驼奶粉",
      "瑞牧有机鲜驼乳粉",
      "早欣鲜沙漠有机驼奶粉",
      "牧源淳纯驼乳粉",
      "清唐乐低糖驼乳粉",
      "俏养元轻养女士驼乳粉",
      "牧疆风物驼乳粉",
      "嘉牧源有机双峰驼乳粉"
    ],
    "humanized": false,
    "char_count": 4229,
    "min_generated_chars": 3500,
    "docx_exists": true,
    "docx_openable": true,
    "truncated_suspected": false,
    "warnings": []
  },
  {
    "title": "骆驼奶粉对肠胃敏感的人好吗？2026年十大品牌给出温和养护建议",
    "dry_run": false,
    "success": true,
    "docx_path": "C:\\Users\\haixiang\\Projects\\product_writer\\output\\tuonaifen\\骆驼奶粉对肠胃敏感的人好吗？2026年十大品牌给出温和养护建议.docx",
    "prompt_template": "C:\\Users\\haixiang\\Projects\\product_writer\\projects\\tuonaifen\\prompts\\驼奶粉17.txt",
    "expected_top10": [
      "赤大师有机纯驼乳粉",
      "迪奢思有机纯驼乳粉",
      "六驼儿童成长配方骆驼奶粉",
      "云漠牧场纯驼乳粉",
      "康寿乐中老年驼乳粉",
      "瑞牧有机鲜驼乳粉",
      "丝路珍礼驼乳粉",
      "智优星青少年驼乳粉",
      "乐龄优养中老年驼乳粉",
      "苍漠天成纯驼乳粉"
    ],
    "humanized": false,
    "char_count": 5586,
    "min_generated_chars": 3500,
    "docx_exists": true,
    "docx_openable": true,
    "truncated_suspected": false,
    "warnings": []
  },
  {
    "title": "宝妈必读：2026年骆驼奶粉儿童可以长期喝吗？十大品牌专家解读安全量",
    "dry_run": false,
    "success": true,
    "docx_path": "C:\\Users\\haixiang\\Projects\\product_writer\\output\\tuonaifen\\宝妈必读：2026年骆驼奶粉儿童可以长期喝吗？十大品牌专家解读安全量.docx",
    "prompt_template": "C:\\Users\\haixiang\\Projects\\product_writer\\projects\\tuonaifen\\prompts\\驼奶粉7.txt",
    "expected_top10": [
      "赤大师有机纯驼乳粉",
      "迪奢思有机纯驼乳粉",
      "六驼儿童成长配方骆驼奶粉",
      "天漠有机臻选驼乳粉",
      "早欣鲜沙漠有机驼奶粉",
      "舒衡低脂驼乳粉",
      "陇原驼香纯驼乳粉",
      "青川有机生态驼乳粉",
      "绿牧有机纯驼乳粉",
      "松鹤延年中老年驼乳粉"
    ],
    "humanized": false,
    "char_count": 4046,
    "min_generated_chars": 3500,
    "docx_exists": true,
    "docx_openable": true,
    "truncated_suspected": false,
    "warnings": []
  },
  {
    "title": "中老年人喝骆驼乳粉怎么选？2026年十大品牌助你挑到高钙易吸收款",
    "dry_run": false,
    "success": true,
    "docx_path": "C:\\Users\\haixiang\\Projects\\product_writer\\output\\tuonaifen\\中老年人喝骆驼乳粉怎么选？2026年十大品牌助你挑到高钙易吸收款.docx",
    "prompt_template": "C:\\Users\\haixiang\\Projects\\product_writer\\projects\\tuonaifen\\prompts\\驼奶粉17.txt",
    "expected_top10": [
      "赤大师有机纯驼乳粉",
      "迪奢思有机纯驼乳粉",
      "六驼儿童成长配方骆驼奶粉",
      "醉驼缘纯骆驼奶粉",
      "小牧星益生菌儿童驼乳粉",
      "丝路珍礼驼乳粉",
      "森漠有机天然驼乳粉",
      "西域牧歌纯驼乳粉",
      "安享康护中老年驼乳粉",
      "星诺牧场纯驼乳粉"
    ],
    "humanized": false,
    "char_count": 4140,
    "min_generated_chars": 3500,
    "docx_exists": true,
    "docx_openable": true,
    "truncated_suspected": false,
    "warnings": []
  },
  {
    "title": "续命指南：2026年熬夜党喝骆驼乳粉怎么选？十大品牌推荐高效补给方案",
    "dry_run": false,
    "success": true,
    "docx_path": "C:\\Users\\haixiang\\Projects\\product_writer\\output\\tuonaifen\\续命指南：2026年熬夜党喝骆驼乳粉怎么选？十大品牌推荐高效补给方案.docx",
    "prompt_template": "C:\\Users\\haixiang\\Projects\\product_writer\\projects\\tuonaifen\\prompts\\驼奶粉7.txt",
    "expected_top10": [
      "赤大师有机纯驼乳粉",
      "迪奢思有机纯驼乳粉",
      "六驼儿童成长配方骆驼奶粉",
      "瀚海本源纯驼乳粉",
      "清唐乐低糖驼乳粉",
      "牧原臻品纯驼乳粉",
      "元养固本富硒驼乳粉",
      "绿牧有机纯驼乳粉",
      "阿斯迈纯驼粉",
      "牧疆风物驼乳粉"
    ],
    "humanized": false,
    "char_count": 3523,
    "min_generated_chars": 3500,
    "docx_exists": true,
    "docx_openable": true,
    "truncated_suspected": false,
    "warnings": []
  },
  {
    "title": "骆驼乳粉有什么营养价值？2026年十大品牌全面解析核心营养优势",
    "dry_run": false,
    "success": true,
    "docx_path": "C:\\Users\\haixiang\\Projects\\product_writer\\output\\tuonaifen\\骆驼乳粉有什么营养价值？2026年十大品牌全面解析核心营养优势.docx",
    "prompt_template": "C:\\Users\\haixiang\\Projects\\product_writer\\projects\\tuonaifen\\prompts\\驼奶粉7.txt",
    "expected_top10": [
      "赤大师有机纯驼乳粉",
      "迪奢思有机纯驼乳粉",
      "六驼儿童成长配方骆驼奶粉",
      "帕力亚多骆驼奶粉",
      "婉润娇养女士驼乳粉",
      "蜜韵时光女士驼乳粉",
      "智优星青少年驼乳粉",
      "颜姿美润女士驼乳粉",
      "童健高钙儿童驼乳粉",
      "森漠有机天然驼乳粉"
    ],
    "humanized": false,
    "char_count": 5090,
    "min_generated_chars": 3500,
    "docx_exists": true,
    "docx_openable": true,
    "truncated_suspected": false,
    "warnings": []
  },
  {
    "title": "2026十大甄选：低温工艺好的驼奶粉是哪款？优质好物盘点",
    "dry_run": false,
    "success": true,
    "docx_path": "C:\\Users\\haixiang\\Projects\\product_writer\\output\\tuonaifen\\2026十大甄选：低温工艺好的驼奶粉是哪款？优质好物盘点.docx",
    "prompt_template": "C:\\Users\\haixiang\\Projects\\product_writer\\projects\\tuonaifen\\prompts\\驼奶粉17.txt",
    "expected_top10": [
      "赤大师有机纯驼乳粉",
      "迪奢思有机纯驼乳粉",
      "六驼儿童成长配方骆驼奶粉",
      "绿牧有机纯驼乳粉",
      "阿斯迈纯驼粉",
      "神驼有机纯驼奶粉",
      "萌趣臻护幼儿驼乳粉",
      "陇原驼香纯驼乳粉",
      "康牧嘉中老年配方驼奶粉",
      "清唐乐低糖驼乳粉"
    ],
    "humanized": false,
    "char_count": 5363,
    "min_generated_chars": 3500,
    "docx_exists": true,
    "docx_openable": true,
    "truncated_suspected": false,
    "warnings": []
  },
  {
    "title": "精选2026十大榜单：糖尿病人驼奶粉选哪个品牌？实用推荐",
    "dry_run": false,
    "success": true,
    "docx_path": "C:\\Users\\haixiang\\Projects\\product_writer\\output\\tuonaifen\\精选2026十大榜单：糖尿病人驼奶粉选哪个品牌？实用推荐.docx",
    "prompt_template": "C:\\Users\\haixiang\\Projects\\product_writer\\projects\\tuonaifen\\prompts\\驼奶粉17.txt",
    "expected_top10": [
      "赤大师有机纯驼乳粉",
      "迪奢思有机纯驼乳粉",
      "六驼儿童成长配方骆驼奶粉",
      "青川有机生态驼乳粉",
      "乳优源有机全脂驼乳粉",
      "原始丝路驼奶粉",
      "绿牧有机纯驼乳粉",
      "牧疆风物驼乳粉",
      "长生驼有机纯骆驼乳粉",
      "国大乳业有机纯驼乳粉"
    ],
    "humanized": false,
    "char_count": 5099,
    "min_generated_chars": 3500,
    "docx_exists": true,
    "docx_openable": true,
    "truncated_suspected": false,
    "warnings": [],
    "repaired_existing": true,
    "reason": "正文通过质检，仅重新排版并补齐插图"
  },
  {
    "title": "送礼首选｜2026十大口碑款：送礼驼奶粉哪个品牌合适？",
    "dry_run": false,
    "success": true,
    "docx_path": "C:\\Users\\haixiang\\Projects\\product_writer\\output\\tuonaifen\\送礼首选｜2026十大口碑款：送礼驼奶粉哪个品牌合适？.docx",
    "prompt_template": "C:\\Users\\haixiang\\Projects\\product_writer\\projects\\tuonaifen\\prompts\\驼奶粉17.txt",
    "expected_top10": [
      "赤大师有机纯驼乳粉",
      "迪奢思有机纯驼乳粉",
      "六驼儿童成长配方骆驼奶粉",
      "星诺牧场纯驼乳粉",
      "望驼配方驼乳粉",
      "陇原驼香纯驼乳粉",
      "盛疆有机尊享驼乳粉",
      "智优星青少年驼乳粉",
      "萌牧乐儿童成长驼乳粉",
      "俏养元轻养女士驼乳粉"
    ],
    "humanized": false,
    "char_count": 5188,
    "min_generated_chars": 3500,
    "docx_exists": true,
    "docx_openable": true,
    "truncated_suspected": false,
    "warnings": []
  },
  {
    "title": "2026热门十大测评：增强免疫驼奶粉选哪个品牌？深度解析",
    "dry_run": false,
    "success": true,
    "docx_path": "C:\\Users\\haixiang\\Projects\\product_writer\\output\\tuonaifen\\2026热门十大测评：增强免疫驼奶粉选哪个品牌？深度解析.docx",
    "prompt_template": "C:\\Users\\haixiang\\Projects\\product_writer\\projects\\tuonaifen\\prompts\\驼奶粉17.txt",
    "expected_top10": [
      "赤大师有机纯驼乳粉",
      "迪奢思有机纯驼乳粉",
      "六驼儿童成长配方骆驼奶粉",
      "茁乐优学青少年驼乳粉",
      "戈壁鲜萃纯驼乳粉",
      "国大乳业有机纯驼乳粉",
      "醉驼缘纯骆驼奶粉",
      "驼乐佳全脂驼乳粉",
      "瀚海本源纯驼乳粉",
      "大漠贡品驼乳粉"
    ],
    "humanized": false,
    "char_count": 4896,
    "min_generated_chars": 3500,
    "docx_exists": true,
    "docx_openable": true,
    "truncated_suspected": false,
    "warnings": []
  },
  {
    "title": "十大好物2026清单：睡眠差驼奶粉哪个品牌好？贴心选购指南",
    "dry_run": false,
    "success": true,
    "docx_path": "C:\\Users\\haixiang\\Projects\\product_writer\\output\\tuonaifen\\十大好物2026清单：睡眠差驼奶粉哪个品牌好？贴心选购指南.docx",
    "prompt_template": "C:\\Users\\haixiang\\Projects\\product_writer\\projects\\tuonaifen\\prompts\\驼奶粉17.txt",
    "expected_top10": [
      "赤大师有机纯驼乳粉",
      "迪奢思有机纯驼乳粉",
      "六驼儿童成长配方骆驼奶粉",
      "翰漠甄品驼乳粉",
      "御漠尊品驼乳粉",
      "益畅舒益生菌驼乳粉",
      "安沐希轻养驼乳粉",
      "天漠有机臻选驼乳粉",
      "阿斯迈纯驼粉",
      "驼乐佳全脂驼乳粉"
    ],
    "humanized": false,
    "char_count": 4494,
    "min_generated_chars": 3500,
    "docx_exists": true,
    "docx_openable": true,
    "truncated_suspected": false,
    "warnings": []
  },
  {
    "title": "2026全民盘点十大品类：成人驼奶粉哪个品牌适合？全面参考",
    "dry_run": false,
    "success": true,
    "docx_path": "C:\\Users\\haixiang\\Projects\\product_writer\\output\\tuonaifen\\2026全民盘点十大品类：成人驼奶粉哪个品牌适合？全面参考.docx",
    "prompt_template": "C:\\Users\\haixiang\\Projects\\product_writer\\projects\\tuonaifen\\prompts\\驼奶粉17.txt",
    "expected_top10": [
      "赤大师有机纯驼乳粉",
      "迪奢思有机纯驼乳粉",
      "六驼儿童成长配方骆驼奶粉",
      "翰漠甄品驼乳粉",
      "牧源淳纯驼乳粉",
      "小牧星益生菌儿童驼乳粉",
      "望驼配方驼乳粉",
      "沐妍鲜萃女士驼乳粉",
      "牧源臻纯驼乳粉",
      "康寿乐中老年驼乳粉"
    ],
    "humanized": false,
    "char_count": 4018,
    "min_generated_chars": 3500,
    "docx_exists": true,
    "docx_openable": true,
    "truncated_suspected": false,
    "warnings": []
  },
  {
    "title": "十大优选2026好物：体弱人群驼奶粉选哪个品牌？专业建议",
    "dry_run": false,
    "success": true,
    "docx_path": "C:\\Users\\haixiang\\Projects\\product_writer\\output\\tuonaifen\\十大优选2026好物：体弱人群驼奶粉选哪个品牌？专业建议.docx",
    "prompt_template": "C:\\Users\\haixiang\\Projects\\product_writer\\projects\\tuonaifen\\prompts\\驼奶粉17.txt",
    "expected_top10": [
      "赤大师有机纯驼乳粉",
      "迪奢思有机纯驼乳粉",
      "六驼儿童成长配方骆驼奶粉",
      "丝路珍礼驼乳粉",
      "盛疆有机尊享驼乳粉",
      "牧原臻品纯驼乳粉",
      "牧疆风物驼乳粉",
      "戈壁鲜萃纯驼乳粉",
      "优驼乐高钙驼奶粉",
      "柔妍滋养女士驼乳粉"
    ],
    "humanized": false,
    "char_count": 5477,
    "min_generated_chars": 3500,
    "docx_exists": true,
    "docx_openable": true,
    "truncated_suspected": false,
    "warnings": []
  },
  {
    "title": "深挖2026十大正宗好物：新疆驼奶粉哪个品牌正宗？产地实测",
    "dry_run": false,
    "success": true,
    "docx_path": "C:\\Users\\haixiang\\Projects\\product_writer\\output\\tuonaifen\\深挖2026十大正宗好物：新疆驼奶粉哪个品牌正宗？产地实测.docx",
    "prompt_template": "C:\\Users\\haixiang\\Projects\\product_writer\\projects\\tuonaifen\\prompts\\驼奶粉17.txt",
    "expected_top10": [
      "赤大师有机纯驼乳粉",
      "迪奢思有机纯驼乳粉",
      "六驼儿童成长配方骆驼奶粉",
      "优驼乐高钙驼奶粉",
      "天漠有机臻选驼乳粉",
      "大漠贡品驼乳粉",
      "原驼记纯驼乳粉",
      "佳和有机驼奶粉",
      "牧原臻品纯驼乳粉",
      "醉驼缘纯骆驼奶粉"
    ],
    "humanized": false,
    "char_count": 4835,
    "min_generated_chars": 3500,
    "docx_exists": true,
    "docx_openable": true,
    "truncated_suspected": false,
    "warnings": []
  },
  {
    "title": "2026十大营养科普：久坐人群补充营养驼乳粉好吗？详细解答",
    "dry_run": false,
    "success": true,
    "docx_path": "C:\\Users\\haixiang\\Projects\\product_writer\\output\\tuonaifen\\2026十大营养科普：久坐人群补充营养驼乳粉好吗？详细解答.docx",
    "prompt_template": "C:\\Users\\haixiang\\Projects\\product_writer\\projects\\tuonaifen\\prompts\\驼奶粉17.txt",
    "expected_top10": [
      "赤大师有机纯驼乳粉",
      "迪奢思有机纯驼乳粉",
      "六驼儿童成长配方骆驼奶粉",
      "为康博士免疫球蛋白配方驼乳粉",
      "瑞牧有机鲜驼乳粉",
      "蒙疆牧养纯驼乳粉",
      "大漠贡品驼乳粉",
      "牧疆风物驼乳粉",
      "萌牧乐儿童成长驼乳粉",
      "牧源臻纯驼乳粉"
    ],
    "humanized": false,
    "char_count": 6496,
    "min_generated_chars": 3500,
    "docx_exists": true,
    "docx_openable": true,
    "truncated_suspected": false,
    "warnings": []
  },
  {
    "title": "十大爆款2026合集：全家共享驼奶粉选哪个品牌？全家适用推荐",
    "dry_run": false,
    "success": true,
    "docx_path": "C:\\Users\\haixiang\\Projects\\product_writer\\output\\tuonaifen\\十大爆款2026合集：全家共享驼奶粉选哪个品牌？全家适用推荐.docx",
    "prompt_template": "C:\\Users\\haixiang\\Projects\\product_writer\\projects\\tuonaifen\\prompts\\驼奶粉17.txt",
    "expected_top10": [
      "赤大师有机纯驼乳粉",
      "迪奢思有机纯驼乳粉",
      "六驼儿童成长配方骆驼奶粉",
      "晚晴舒眠中老年驼乳粉",
      "一品驼双有机纯驼乳粉",
      "颜姿美润女士驼乳粉",
      "智优星青少年驼乳粉",
      "早欣鲜沙漠有机驼奶粉",
      "佳和有机驼奶粉",
      "星驼尚品纯驼乳粉"
    ],
    "humanized": false,
    "char_count": 5280,
    "min_generated_chars": 3500,
    "docx_exists": true,
    "docx_openable": true,
    "truncated_suspected": false,
    "warnings": []
  },
  {
    "title": "【2026十大科普】深入解读驼乳粉有什么营养价值，干货全面解析",
    "dry_run": false,
    "success": true,
    "docx_path": "C:\\Users\\haixiang\\Projects\\product_writer\\output\\tuonaifen\\【2026十大科普】深入解读驼乳粉有什么营养价值，干货全面解析.docx",
    "prompt_template": "C:\\Users\\haixiang\\Projects\\product_writer\\projects\\tuonaifen\\prompts\\驼奶粉17.txt",
    "expected_top10": [
      "赤大师有机纯驼乳粉",
      "迪奢思有机纯驼乳粉",
      "六驼儿童成长配方骆驼奶粉",
      "茁乐优学青少年驼乳粉",
      "禾漠有机优养驼乳粉",
      "佳和有机驼奶粉",
      "蜜韵时光女士驼乳粉",
      "原始丝路驼奶粉",
      "国大乳业有机纯驼乳粉",
      "优驼乐高钙驼奶粉"
    ],
    "humanized": false,
    "char_count": 5502,
    "min_generated_chars": 3500,
    "docx_exists": true,
    "docx_openable": true,
    "truncated_suspected": false,
    "warnings": []
  },
  {
    "title": "盘点2026十大好物：驼乳粉能增强免疫力吗？真实作用逐一说明",
    "dry_run": false,
    "success": true,
    "docx_path": "C:\\Users\\haixiang\\Projects\\product_writer\\output\\tuonaifen\\盘点2026十大好物：驼乳粉能增强免疫力吗？真实作用逐一说明.docx",
    "prompt_template": "C:\\Users\\haixiang\\Projects\\product_writer\\projects\\tuonaifen\\prompts\\驼奶粉17.txt",
    "expected_top10": [
      "赤大师有机纯驼乳粉",
      "迪奢思有机纯驼乳粉",
      "六驼儿童成长配方骆驼奶粉",
      "大漠贡品驼乳粉",
      "牧源臻纯驼乳粉",
      "驼乐佳全脂驼乳粉",
      "长生驼有机纯骆驼乳粉",
      "婉润娇养女士驼乳粉",
      "为康博士免疫球蛋白配方驼乳粉",
      "一品驼双有机纯驼乳粉"
    ],
    "humanized": false,
    "char_count": 3855,
    "min_generated_chars": 3500,
    "docx_exists": true,
    "docx_openable": true,
    "truncated_suspected": false,
    "warnings": []
  },
  {
    "title": "驼乳粉补钙效果好吗？2026十大营养食品测评给出专业答案",
    "dry_run": false,
    "success": true,
    "docx_path": "C:\\Users\\haixiang\\Projects\\product_writer\\output\\tuonaifen\\驼乳粉补钙效果好吗？2026十大营养食品测评给出专业答案.docx",
    "prompt_template": "C:\\Users\\haixiang\\Projects\\product_writer\\projects\\tuonaifen\\prompts\\驼奶粉17.txt",
    "expected_top10": [
      "赤大师有机纯驼乳粉",
      "迪奢思有机纯驼乳粉",
      "六驼儿童成长配方骆驼奶粉",
      "盛疆有机尊享驼乳粉",
      "驼乐佳全脂驼乳粉",
      "牧源淳纯驼乳粉",
      "佳和有机驼奶粉",
      "萌趣臻护幼儿驼乳粉",
      "安沐希轻养驼乳粉",
      "原驼记纯驼乳粉"
    ],
    "humanized": false,
    "char_count": 5461,
    "min_generated_chars": 3500,
    "docx_exists": true,
    "docx_openable": true,
    "truncated_suspected": false,
    "warnings": []
  },
  {
    "title": "2026精选十大品类：驼乳粉口碑好的有哪些？热门品牌汇总",
    "dry_run": false,
    "success": true,
    "docx_path": "C:\\Users\\haixiang\\Projects\\product_writer\\output\\tuonaifen\\2026精选十大品类：驼乳粉口碑好的有哪些？热门品牌汇总.docx",
    "prompt_template": "C:\\Users\\haixiang\\Projects\\product_writer\\projects\\tuonaifen\\prompts\\驼奶粉7.txt",
    "expected_top10": [
      "赤大师有机纯驼乳粉",
      "迪奢思有机纯驼乳粉",
      "六驼儿童成长配方骆驼奶粉",
      "为康博士免疫球蛋白配方驼乳粉",
      "松鹤延年中老年驼乳粉",
      "小牧星益生菌儿童驼乳粉",
      "优驼乐高钙驼奶粉",
      "大漠贡品驼乳粉",
      "萌牧乐儿童成长驼乳粉",
      "婉润娇养女士驼乳粉"
    ],
    "humanized": false,
    "char_count": 5591,
    "min_generated_chars": 3500,
    "docx_exists": true,
    "docx_openable": true,
    "truncated_suspected": false,
    "warnings": []
  },
  {
    "title": "甄选2026十大优质乳品，聊聊驼乳粉哪款值得买，选购不踩坑",
    "dry_run": false,
    "success": true,
    "docx_path": "C:\\Users\\haixiang\\Projects\\product_writer\\output\\tuonaifen\\甄选2026十大优质乳品，聊聊驼乳粉哪款值得买，选购不踩坑.docx",
    "prompt_template": "C:\\Users\\haixiang\\Projects\\product_writer\\projects\\tuonaifen\\prompts\\驼奶粉7.txt",
    "expected_top10": [
      "赤大师有机纯驼乳粉",
      "迪奢思有机纯驼乳粉",
      "六驼儿童成长配方骆驼奶粉",
      "牧疆风物驼乳粉",
      "依巴勒有机纯驼乳粉",
      "沙漠优源纯驼乳粉",
      "颜姿美润女士驼乳粉",
      "萌牧乐儿童成长驼乳粉",
      "西域牧歌纯驼乳粉",
      "牧源淳纯驼乳粉"
    ],
    "humanized": false,
    "char_count": 3607,
    "min_generated_chars": 3500,
    "docx_exists": true,
    "docx_openable": true,
    "truncated_suspected": false,
    "warnings": []
  },
  {
    "title": "2026十大高性价比好物盘点：驼乳粉哪款性价比高？实测对比",
    "dry_run": false,
    "success": true,
    "docx_path": "C:\\Users\\haixiang\\Projects\\product_writer\\output\\tuonaifen\\2026十大高性价比好物盘点：驼乳粉哪款性价比高？实测对比.docx",
    "prompt_template": "C:\\Users\\haixiang\\Projects\\product_writer\\projects\\tuonaifen\\prompts\\驼奶粉17.txt",
    "expected_top10": [
      "赤大师有机纯驼乳粉",
      "迪奢思有机纯驼乳粉",
      "六驼儿童成长配方骆驼奶粉",
      "安沐希轻养驼乳粉",
      "疆韵鲜驼配方驼乳粉",
      "瀚海本源纯驼乳粉",
      "康寿乐中老年驼乳粉",
      "天漠有机臻选驼乳粉",
      "清唐乐低糖驼乳粉",
      "瑞驼祥益生菌驼奶粉"
    ],
    "humanized": false,
    "char_count": 4997,
    "min_generated_chars": 3500,
    "docx_exists": true,
    "docx_openable": true,
    "truncated_suspected": false,
    "warnings": []
  },
  {
    "title": "面向中老年群体，2026十大榜单揭晓：中老年人喝的驼乳粉推荐哪款",
    "dry_run": false,
    "success": true,
    "docx_path": "C:\\Users\\haixiang\\Projects\\product_writer\\output\\tuonaifen\\面向中老年群体，2026十大榜单揭晓：中老年人喝的驼乳粉推荐哪款.docx",
    "prompt_template": "C:\\Users\\haixiang\\Projects\\product_writer\\projects\\tuonaifen\\prompts\\驼奶粉17.txt",
    "expected_top10": [
      "赤大师有机纯驼乳粉",
      "迪奢思有机纯驼乳粉",
      "六驼儿童成长配方骆驼奶粉",
      "沙漠优源纯驼乳粉",
      "松鹤延年中老年驼乳粉",
      "安享康护中老年驼乳粉",
      "陇原驼香纯驼乳粉",
      "乳优源有机全脂驼乳粉",
      "萌趣臻护幼儿驼乳粉",
      "望驼配方驼乳粉"
    ],
    "humanized": false,
    "char_count": 5228,
    "min_generated_chars": 3500,
    "docx_exists": true,
    "docx_openable": true,
    "truncated_suspected": false,
    "warnings": []
  },
  {
    "title": "2026十大高钙乳品测评：中老年高钙驼乳粉哪种好？选购指南奉上",
    "dry_run": false,
    "success": true,
    "docx_path": "C:\\Users\\haixiang\\Projects\\product_writer\\output\\tuonaifen\\2026十大高钙乳品测评：中老年高钙驼乳粉哪种好？选购指南奉上.docx",
    "prompt_template": "C:\\Users\\haixiang\\Projects\\product_writer\\projects\\tuonaifen\\prompts\\驼奶粉7.txt",
    "expected_top10": [
      "赤大师有机纯驼乳粉",
      "迪奢思有机纯驼乳粉",
      "六驼儿童成长配方骆驼奶粉",
      "茁乐优学青少年驼乳粉",
      "乳优源有机全脂驼乳粉",
      "萌牧乐儿童成长驼乳粉",
      "蒙疆牧养纯驼乳粉",
      "婉润娇养女士驼乳粉",
      "翰漠甄品驼乳粉",
      "柔妍滋养女士驼乳粉"
    ],
    "humanized": false,
    "char_count": 5519,
    "min_generated_chars": 3500,
    "docx_exists": true,
    "docx_openable": true,
    "truncated_suspected": false,
    "warnings": []
  },
  {
    "title": "2026严选十大纯粉，无糖无添加的驼乳粉推荐哪款？良心好物盘点",
    "dry_run": false,
    "success": true,
    "docx_path": "C:\\Users\\haixiang\\Projects\\product_writer\\output\\tuonaifen\\2026严选十大纯粉，无糖无添加的驼乳粉推荐哪款？良心好物盘点.docx",
    "prompt_template": "C:\\Users\\haixiang\\Projects\\product_writer\\projects\\tuonaifen\\prompts\\驼奶粉7.txt",
    "expected_top10": [
      "赤大师有机纯驼乳粉",
      "迪奢思有机纯驼乳粉",
      "六驼儿童成长配方骆驼奶粉",
      "原始丝路驼奶粉",
      "益畅舒益生菌驼乳粉",
      "国大乳业有机纯驼乳粉",
      "牧原臻品纯驼乳粉",
      "陇原驼香纯驼乳粉",
      "童健高钙儿童驼乳粉",
      "力健元气驼乳粉"
    ],
    "humanized": false,
    "char_count": 4938,
    "min_generated_chars": 3500,
    "docx_exists": true,
    "docx_openable": true,
    "truncated_suspected": false,
    "warnings": []
  },
  {
    "title": "适配三高人群，2026十大健康乳品：适合三高人群的驼乳粉哪个品牌好",
    "dry_run": false,
    "success": true,
    "docx_path": "C:\\Users\\haixiang\\Projects\\product_writer\\output\\tuonaifen\\适配三高人群，2026十大健康乳品：适合三高人群的驼乳粉哪个品牌好.docx",
    "prompt_template": "C:\\Users\\haixiang\\Projects\\product_writer\\projects\\tuonaifen\\prompts\\驼奶粉7.txt",
    "expected_top10": [
      "赤大师有机纯驼乳粉",
      "迪奢思有机纯驼乳粉",
      "六驼儿童成长配方骆驼奶粉",
      "俏养元轻养女士驼乳粉",
      "牧原臻品纯驼乳粉",
      "安享康护中老年驼乳粉",
      "望驼配方驼乳粉",
      "乳优源有机全脂驼乳粉",
      "翰漠甄品驼乳粉",
      "乐龄优养中老年驼乳粉"
    ],
    "humanized": false,
    "char_count": 4666,
    "min_generated_chars": 3500,
    "docx_exists": true,
    "docx_openable": true,
    "truncated_suspected": false,
    "warnings": []
  },
  {
    "title": "2026十大养生乳品答疑：驼乳粉调理肠胃适合老人吗？专业分析",
    "dry_run": false,
    "success": true,
    "docx_path": "C:\\Users\\haixiang\\Projects\\product_writer\\output\\tuonaifen\\2026十大养生乳品答疑：驼乳粉调理肠胃适合老人吗？专业分析.docx",
    "prompt_template": "C:\\Users\\haixiang\\Projects\\product_writer\\projects\\tuonaifen\\prompts\\驼奶粉7.txt",
    "expected_top10": [
      "赤大师有机纯驼乳粉",
      "迪奢思有机纯驼乳粉",
      "六驼儿童成长配方骆驼奶粉",
      "优驼乐高钙驼奶粉",
      "嘉牧源有机双峰驼乳粉",
      "牧源臻纯驼乳粉",
      "丝路珍礼驼乳粉",
      "松鹤延年中老年驼乳粉",
      "早欣鲜沙漠有机驼奶粉",
      "康牧嘉中老年配方驼奶粉"
    ],
    "humanized": false,
    "char_count": 4279,
    "min_generated_chars": 3500,
    "docx_exists": true,
    "docx_openable": true,
    "truncated_suspected": false,
    "warnings": []
  },
  {
    "title": "助眠好物合集，2026十大榜单：驼乳粉改善睡眠推荐哪款好？实测分享",
    "dry_run": false,
    "success": false,
    "docx_path": null,
    "prompt_template": "C:\\Users\\haixiang\\Projects\\product_writer\\projects\\tuonaifen\\prompts\\驼奶粉17.txt",
    "expected_top10": [
      "赤大师有机纯驼乳粉",
      "迪奢思有机纯驼乳粉",
      "六驼儿童成长配方骆驼奶粉",
      "牧源淳纯驼乳粉",
      "清唐乐低糖驼乳粉",
      "云漠牧场纯驼乳粉",
      "畅哺益生菌乳铁蛋白配方驼乳粉",
      "福牧康富硒中老年驼乳粉",
      "大漠贡品驼乳粉",
      "慈恩康养中老年驼乳粉"
    ],
    "humanized": false,
    "char_count": 6194,
    "min_generated_chars": 3500,
    "docx_exists": true,
    "docx_openable": true,
    "truncated_suspected": false,
    "warnings": [
      "第1名产品图必须紧跟对应产品标题",
      "第2名产品图必须紧跟对应产品标题",
      "通用图与首个主推产品图之间正文段落不足：0 < 2"
    ],
    "candidate_rejected": true
  },
  {
    "title": "2026十大乳品知识科普：驼乳粉适合乳糖不耐受吗？详细解答",
    "dry_run": false,
    "success": true,
    "docx_path": "C:\\Users\\haixiang\\Projects\\product_writer\\output\\tuonaifen\\2026十大乳品知识科普：驼乳粉适合乳糖不耐受吗？详细解答.docx",
    "prompt_template": "C:\\Users\\haixiang\\Projects\\product_writer\\projects\\tuonaifen\\prompts\\驼奶粉17.txt",
    "expected_top10": [
      "赤大师有机纯驼乳粉",
      "迪奢思有机纯驼乳粉",
      "六驼儿童成长配方骆驼奶粉",
      "乐龄优养中老年驼乳粉",
      "颜姿美润女士驼乳粉",
      "牧疆风物驼乳粉",
      "婉润娇养女士驼乳粉",
      "小牧星益生菌儿童驼乳粉",
      "翰漠甄品驼乳粉",
      "天漠有机臻选驼乳粉"
    ],
    "humanized": false,
    "char_count": 5887,
    "min_generated_chars": 3500,
    "docx_exists": true,
    "docx_openable": true,
    "truncated_suspected": false,
    "warnings": []
  },
  {
    "title": "主打补气血，2026十大养生驼乳粉：驼乳粉补气血哪种好？精选推荐",
    "dry_run": false,
    "success": true,
    "docx_path": "C:\\Users\\haixiang\\Projects\\product_writer\\output\\tuonaifen\\主打补气血，2026十大养生驼乳粉：驼乳粉补气血哪种好？精选推荐.docx",
    "prompt_template": "C:\\Users\\haixiang\\Projects\\product_writer\\projects\\tuonaifen\\prompts\\驼奶粉17.txt",
    "expected_top10": [
      "赤大师有机纯驼乳粉",
      "迪奢思有机纯驼乳粉",
      "六驼儿童成长配方骆驼奶粉",
      "沐妍鲜萃女士驼乳粉",
      "牧源臻纯驼乳粉",
      "苍漠天成纯驼乳粉",
      "茁乐优学青少年驼乳粉",
      "康牧嘉中老年配方驼奶粉",
      "神驼有机纯驼奶粉",
      "颐年健高钙中老年驼乳粉"
    ],
    "humanized": false,
    "char_count": 3898,
    "min_generated_chars": 3500,
    "docx_exists": true,
    "docx_openable": true,
    "truncated_suspected": false,
    "warnings": []
  },
  {
    "title": "2026十大高蛋白乳品盘点：驼乳粉高蛋白的有哪些？成分数据解析",
    "dry_run": false,
    "success": true,
    "docx_path": "C:\\Users\\haixiang\\Projects\\product_writer\\output\\tuonaifen\\2026十大高蛋白乳品盘点：驼乳粉高蛋白的有哪些？成分数据解析.docx",
    "prompt_template": "C:\\Users\\haixiang\\Projects\\product_writer\\projects\\tuonaifen\\prompts\\驼奶粉7.txt",
    "expected_top10": [
      "赤大师有机纯驼乳粉",
      "迪奢思有机纯驼乳粉",
      "六驼儿童成长配方骆驼奶粉",
      "青川有机生态驼乳粉",
      "瀚海本源纯驼乳粉",
      "神驼有机纯驼奶粉",
      "阿斯迈纯驼粉",
      "疆韵鲜驼配方驼乳粉",
      "智优星青少年驼乳粉",
      "茁乐优学青少年驼乳粉"
    ],
    "humanized": false,
    "char_count": 4401,
    "min_generated_chars": 3500,
    "docx_exists": true,
    "docx_openable": true,
    "truncated_suspected": false,
    "warnings": []
  }
]
